AccountingSystem
ConfigurationSystem
container
Core
coverage.xml
DataManagementSystem
docs
FrameworkSystem
__init__.py
__init__.pyc
__init__.pyo
Interfaces
LICENSE
Local_iCRTgu_JobDir
Makefile
MonitoringSystem
pytest.ini
pytests.xml
README.rst
release.notes
releases.cfg
RequestManagementSystem
requirements.txt
Resources
ResourceStatusSystem
StorageManagementSystem
tests
TransformationSystem
Workflow
WorkloadManagementSystem
AccountingSystem
ConfigurationSystem
container
Core
coverage.xml
DataManagementSystem
docs
FrameworkSystem
__init__.py
__init__.pyc
__init__.pyo
Interfaces
LICENSE
Local_iCRTgu_JobDir
Makefile
MonitoringSystem
pytest.ini
pytests.xml
README.rst
release.notes
releases.cfg
RequestManagementSystem
requirements.txt
Resources
ResourceStatusSystem
std.out
StorageManagementSystem
tests
TransformationSystem
Workflow
WorkloadManagementSystem
